[15-Dec-2022 20:29:00 Africa/Nairobi] PHP Fatal error:  During inheritance of ArrayAccess: Uncaught ErrorException: Return type of Illuminate\Support\Collection::offsetExists($key) should either be compatible with ArrayAccess::offsetExists(mixed $offset): bool, or the #[\ReturnTypeWillChange] attribute should be used to temporarily suppress the notice in /home2/kenyaham/public_html/trade-connect/vendor/laravel/framework/src/Illuminate/Support/Collection.php:2060
Stack trace:
#0 /home2/kenyaham/public_html/trade-connect/vendor/laravel/framework/src/Illuminate/Support/Collection.php(40): Illuminate\Foundation\Bootstrap\HandleExceptions->handleError(8192, 'Return type of ...', '/home2/kenyaham...', 2060)
#1 /home2/kenyaham/public_html/trade-connect/vendor/composer/ClassLoader.php(444): include('/home2/kenyaham...')
#2 /home2/kenyaham/public_html/trade-connect/vendor/composer/ClassLoader.php(322): Composer\Autoload\includeFile('/home2/kenyaham...')
#3 /home2/kenyaham/public_html/trade-connect/vendor/laravel/framework/src/Illuminate/Support/helpers.php(471): Composer\Autoload\ClassLoader->loadClass('Illuminate\\Supp...')
#4 /home2/kenyaham/public_html/trade-connect/vendor/laravel/framework/src/Illuminate/Foundation/PackageManifest.php(80): collect(Array)
#5 /home2/kenyaham/public_html/trade-connect/vendor/laravel/framework/src/Illuminate/Foundation/Bootstrap/RegisterFacades.php(26): Illuminate\Foundation\PackageManifest->aliases()
#6 /home2/kenyaham/public_html/trade-connect/vendor/laravel/framework/src/Illuminate/Foundation/Application.php(210): Illuminate\Foundation\Bootstrap\RegisterFacades->bootstrap(Object(Illuminate\Foundation\Application))
#7 /home2/kenyaham/public_html/trade-connect/vendor/laravel/framework/src/Illuminate/Foundation/Http/Kernel.php(162): Illuminate\Foundation\Application->bootstrapWith(Array)
#8 /home2/kenyaham/public_html/trade-connect/vendor/laravel/framework/src/Illuminate/Foundation/Http/Kernel.php(146): Illuminate\Foundation\Http\Kernel->bootstrap()
#9 /home2/kenyaham/public_html/trade-connect/vendor/laravel/framework/src/Illuminate/Foundation/Http/Kernel.php(116): Illuminate\Foundation\Http\Kernel->sendRequestThroughRouter(Object(Illuminate\Http\Request))
#10 /home2/kenyaham/public_html/trade-connect/public/index.php(53): Illuminate\Foundation\Http\Kernel->handle(Object(Illuminate\Http\Request))
#11 {main} in /home2/kenyaham/public_html/trade-connect/vendor/laravel/framework/src/Illuminate/Support/Collection.php on line 40
[15-Dec-2022 20:29:00 Africa/Nairobi] PHP Fatal error:  During inheritance of ArrayAccess: Uncaught ErrorException: Return type of Illuminate\Support\Collection::offsetExists($key) should either be compatible with ArrayAccess::offsetExists(mixed $offset): bool, or the #[\ReturnTypeWillChange] attribute should be used to temporarily suppress the notice in /home2/kenyaham/public_html/trade-connect/vendor/laravel/framework/src/Illuminate/Support/Collection.php:2060
Stack trace:
#0 /home2/kenyaham/public_html/trade-connect/vendor/laravel/framework/src/Illuminate/Support/Collection.php(40): Illuminate\Foundation\Bootstrap\HandleExceptions->handleError(8192, 'Return type of ...', '/home2/kenyaham...', 2060)
#1 /home2/kenyaham/public_html/trade-connect/vendor/composer/ClassLoader.php(444): include('/home2/kenyaham...')
#2 /home2/kenyaham/public_html/trade-connect/vendor/composer/ClassLoader.php(322): Composer\Autoload\includeFile('/home2/kenyaham...')
#3 /home2/kenyaham/public_html/trade-connect/vendor/laravel/framework/src/Illuminate/Support/helpers.php(471): Composer\Autoload\ClassLoader->loadClass('Illuminate\\Supp...')
#4 /home2/kenyaham/public_html/trade-connect/vendor/laravel/framework/src/Illuminate/Foundation/PackageManifest.php(80): collect(Array)
#5 /home2/kenyaham/public_html/trade-connect/vendor/laravel/framework/src/Illuminate/Foundation/Bootstrap/RegisterFacades.php(26): Illuminate\Foundation\PackageManifest->aliases()
#6 /home2/kenyaham/public_html/trade-connect/vendor/laravel/framework/src/Illuminate/Foundation/Application.php(210): Illuminate\Foundation\Bootstrap\RegisterFacades->bootstrap(Object(Illuminate\Foundation\Application))
#7 /home2/kenyaham/public_html/trade-connect/vendor/laravel/framework/src/Illuminate/Foundation/Http/Kernel.php(162): Illuminate\Foundation\Application->bootstrapWith(Array)
#8 /home2/kenyaham/public_html/trade-connect/vendor/laravel/framework/src/Illuminate/Foundation/Http/Kernel.php(146): Illuminate\Foundation\Http\Kernel->bootstrap()
#9 /home2/kenyaham/public_html/trade-connect/vendor/laravel/framework/src/Illuminate/Foundation/Http/Kernel.php(116): Illuminate\Foundation\Http\Kernel->sendRequestThroughRouter(Object(Illuminate\Http\Request))
#10 /home2/kenyaham/public_html/trade-connect/public/index.php(53): Illuminate\Foundation\Http\Kernel->handle(Object(Illuminate\Http\Request))
#11 {main} in /home2/kenyaham/public_html/trade-connect/vendor/laravel/framework/src/Illuminate/Support/Collection.php on line 40
[15-Dec-2022 20:29:14 Africa/Nairobi] PHP Fatal error:  During inheritance of ArrayAccess: Uncaught ErrorException: Return type of Illuminate\Support\Collection::offsetExists($key) should either be compatible with ArrayAccess::offsetExists(mixed $offset): bool, or the #[\ReturnTypeWillChange] attribute should be used to temporarily suppress the notice in /home2/kenyaham/public_html/trade-connect/vendor/laravel/framework/src/Illuminate/Support/Collection.php:2060
Stack trace:
#0 /home2/kenyaham/public_html/trade-connect/vendor/laravel/framework/src/Illuminate/Support/Collection.php(40): Illuminate\Foundation\Bootstrap\HandleExceptions->handleError(8192, 'Return type of ...', '/home2/kenyaham...', 2060)
#1 /home2/kenyaham/public_html/trade-connect/vendor/composer/ClassLoader.php(444): include('/home2/kenyaham...')
#2 /home2/kenyaham/public_html/trade-connect/vendor/composer/ClassLoader.php(322): Composer\Autoload\includeFile('/home2/kenyaham...')
#3 /home2/kenyaham/public_html/trade-connect/vendor/laravel/framework/src/Illuminate/Support/helpers.php(471): Composer\Autoload\ClassLoader->loadClass('Illuminate\\Supp...')
#4 /home2/kenyaham/public_html/trade-connect/vendor/laravel/framework/src/Illuminate/Foundation/PackageManifest.php(80): collect(Array)
#5 /home2/kenyaham/public_html/trade-connect/vendor/laravel/framework/src/Illuminate/Foundation/Bootstrap/RegisterFacades.php(26): Illuminate\Foundation\PackageManifest->aliases()
#6 /home2/kenyaham/public_html/trade-connect/vendor/laravel/framework/src/Illuminate/Foundation/Application.php(210): Illuminate\Foundation\Bootstrap\RegisterFacades->bootstrap(Object(Illuminate\Foundation\Application))
#7 /home2/kenyaham/public_html/trade-connect/vendor/laravel/framework/src/Illuminate/Foundation/Http/Kernel.php(162): Illuminate\Foundation\Application->bootstrapWith(Array)
#8 /home2/kenyaham/public_html/trade-connect/vendor/laravel/framework/src/Illuminate/Foundation/Http/Kernel.php(146): Illuminate\Foundation\Http\Kernel->bootstrap()
#9 /home2/kenyaham/public_html/trade-connect/vendor/laravel/framework/src/Illuminate/Foundation/Http/Kernel.php(116): Illuminate\Foundation\Http\Kernel->sendRequestThroughRouter(Object(Illuminate\Http\Request))
#10 /home2/kenyaham/public_html/trade-connect/public/index.php(53): Illuminate\Foundation\Http\Kernel->handle(Object(Illuminate\Http\Request))
#11 {main} in /home2/kenyaham/public_html/trade-connect/vendor/laravel/framework/src/Illuminate/Support/Collection.php on line 40
[15-Dec-2022 20:29:17 Africa/Nairobi] PHP Fatal error:  During inheritance of ArrayAccess: Uncaught ErrorException: Return type of Illuminate\Support\Collection::offsetExists($key) should either be compatible with ArrayAccess::offsetExists(mixed $offset): bool, or the #[\ReturnTypeWillChange] attribute should be used to temporarily suppress the notice in /home2/kenyaham/public_html/trade-connect/vendor/laravel/framework/src/Illuminate/Support/Collection.php:2060
Stack trace:
#0 /home2/kenyaham/public_html/trade-connect/vendor/laravel/framework/src/Illuminate/Support/Collection.php(40): Illuminate\Foundation\Bootstrap\HandleExceptions->handleError(8192, 'Return type of ...', '/home2/kenyaham...', 2060)
#1 /home2/kenyaham/public_html/trade-connect/vendor/composer/ClassLoader.php(444): include('/home2/kenyaham...')
#2 /home2/kenyaham/public_html/trade-connect/vendor/composer/ClassLoader.php(322): Composer\Autoload\includeFile('/home2/kenyaham...')
#3 /home2/kenyaham/public_html/trade-connect/vendor/laravel/framework/src/Illuminate/Support/helpers.php(471): Composer\Autoload\ClassLoader->loadClass('Illuminate\\Supp...')
#4 /home2/kenyaham/public_html/trade-connect/vendor/laravel/framework/src/Illuminate/Foundation/PackageManifest.php(80): collect(Array)
#5 /home2/kenyaham/public_html/trade-connect/vendor/laravel/framework/src/Illuminate/Foundation/Bootstrap/RegisterFacades.php(26): Illuminate\Foundation\PackageManifest->aliases()
#6 /home2/kenyaham/public_html/trade-connect/vendor/laravel/framework/src/Illuminate/Foundation/Application.php(210): Illuminate\Foundation\Bootstrap\RegisterFacades->bootstrap(Object(Illuminate\Foundation\Application))
#7 /home2/kenyaham/public_html/trade-connect/vendor/laravel/framework/src/Illuminate/Foundation/Http/Kernel.php(162): Illuminate\Foundation\Application->bootstrapWith(Array)
#8 /home2/kenyaham/public_html/trade-connect/vendor/laravel/framework/src/Illuminate/Foundation/Http/Kernel.php(146): Illuminate\Foundation\Http\Kernel->bootstrap()
#9 /home2/kenyaham/public_html/trade-connect/vendor/laravel/framework/src/Illuminate/Foundation/Http/Kernel.php(116): Illuminate\Foundation\Http\Kernel->sendRequestThroughRouter(Object(Illuminate\Http\Request))
#10 /home2/kenyaham/public_html/trade-connect/public/index.php(53): Illuminate\Foundation\Http\Kernel->handle(Object(Illuminate\Http\Request))
#11 {main} in /home2/kenyaham/public_html/trade-connect/vendor/laravel/framework/src/Illuminate/Support/Collection.php on line 40
[15-Dec-2022 20:29:18 Africa/Nairobi] PHP Fatal error:  During inheritance of ArrayAccess: Uncaught ErrorException: Return type of Illuminate\Support\Collection::offsetExists($key) should either be compatible with ArrayAccess::offsetExists(mixed $offset): bool, or the #[\ReturnTypeWillChange] attribute should be used to temporarily suppress the notice in /home2/kenyaham/public_html/trade-connect/vendor/laravel/framework/src/Illuminate/Support/Collection.php:2060
Stack trace:
#0 /home2/kenyaham/public_html/trade-connect/vendor/laravel/framework/src/Illuminate/Support/Collection.php(40): Illuminate\Foundation\Bootstrap\HandleExceptions->handleError(8192, 'Return type of ...', '/home2/kenyaham...', 2060)
#1 /home2/kenyaham/public_html/trade-connect/vendor/composer/ClassLoader.php(444): include('/home2/kenyaham...')
#2 /home2/kenyaham/public_html/trade-connect/vendor/composer/ClassLoader.php(322): Composer\Autoload\includeFile('/home2/kenyaham...')
#3 /home2/kenyaham/public_html/trade-connect/vendor/laravel/framework/src/Illuminate/Support/helpers.php(471): Composer\Autoload\ClassLoader->loadClass('Illuminate\\Supp...')
#4 /home2/kenyaham/public_html/trade-connect/vendor/laravel/framework/src/Illuminate/Foundation/PackageManifest.php(80): collect(Array)
#5 /home2/kenyaham/public_html/trade-connect/vendor/laravel/framework/src/Illuminate/Foundation/Bootstrap/RegisterFacades.php(26): Illuminate\Foundation\PackageManifest->aliases()
#6 /home2/kenyaham/public_html/trade-connect/vendor/laravel/framework/src/Illuminate/Foundation/Application.php(210): Illuminate\Foundation\Bootstrap\RegisterFacades->bootstrap(Object(Illuminate\Foundation\Application))
#7 /home2/kenyaham/public_html/trade-connect/vendor/laravel/framework/src/Illuminate/Foundation/Http/Kernel.php(162): Illuminate\Foundation\Application->bootstrapWith(Array)
#8 /home2/kenyaham/public_html/trade-connect/vendor/laravel/framework/src/Illuminate/Foundation/Http/Kernel.php(146): Illuminate\Foundation\Http\Kernel->bootstrap()
#9 /home2/kenyaham/public_html/trade-connect/vendor/laravel/framework/src/Illuminate/Foundation/Http/Kernel.php(116): Illuminate\Foundation\Http\Kernel->sendRequestThroughRouter(Object(Illuminate\Http\Request))
#10 /home2/kenyaham/public_html/trade-connect/public/index.php(53): Illuminate\Foundation\Http\Kernel->handle(Object(Illuminate\Http\Request))
#11 {main} in /home2/kenyaham/public_html/trade-connect/vendor/laravel/framework/src/Illuminate/Support/Collection.php on line 40
[15-Dec-2022 20:30:00 Africa/Nairobi] PHP Fatal error:  Uncaught ErrorException: Method ReflectionParameter::getClass() is deprecated in /home2/kenyaham/public_html/trade-connect/vendor/laravel/framework/src/Illuminate/Container/Container.php:853
Stack trace:
#0 /home2/kenyaham/public_html/trade-connect/vendor/laravel/framework/src/Illuminate/Container/Container.php(853): Illuminate\Foundation\Bootstrap\HandleExceptions->handleError(8192, 'Method Reflecti...', '/home2/kenyaham...', 853)
#1 /home2/kenyaham/public_html/trade-connect/vendor/laravel/framework/src/Illuminate/Container/Container.php(816): Illuminate\Container\Container->resolveDependencies(Array)
#2 /home2/kenyaham/public_html/trade-connect/vendor/laravel/framework/src/Illuminate/Container/Container.php(667): Illuminate\Container\Container->build('App\\Exceptions\\...')
#3 /home2/kenyaham/public_html/trade-connect/vendor/laravel/framework/src/Illuminate/Container/Container.php(265): Illuminate\Container\Container->resolve('App\\Exceptions\\...', Array, false)
#4 /home2/kenyaham/public_html/trade-connect/vendor/laravel/framework/src/Illuminate/Container/Container.php(785): Illuminate\Container\Container->Illuminate\Container\{closure}(Object(Illuminate\Foundation\Application), Array)
#5 /home2/kenyaham/public_html/trade-connect/vendor/laravel/framework/src/Illuminate/Container/Container.php(667): Illuminate\Container\Container->build(Object(Closure))
#6 /home2/kenyaham/public_html/trade-connect/vendor/laravel/framework/src/Illuminate/Container/Container.php(615): Illuminate\Container\Container->resolve('Illuminate\\Cont...', Array)
#7 /home2/kenyaham/public_html/trade-connect/vendor/laravel/framework/src/Illuminate/Foundation/Application.php(767): Illuminate\Container\Container->make('Illuminate\\Cont...', Array)
#8 /home2/kenyaham/public_html/trade-connect/vendor/laravel/framework/src/Illuminate/Foundation/Bootstrap/HandleExceptions.php(170): Illuminate\Foundation\Application->make('Illuminate\\Cont...')
#9 /home2/kenyaham/public_html/trade-connect/vendor/laravel/framework/src/Illuminate/Foundation/Bootstrap/HandleExceptions.php(123): Illuminate\Foundation\Bootstrap\HandleExceptions->getExceptionHandler()
#10 /home2/kenyaham/public_html/trade-connect/vendor/laravel/framework/src/Illuminate/Foundation/Bootstrap/HandleExceptions.php(100): Illuminate\Foundation\Bootstrap\HandleExceptions->renderHttpResponse(Object(ErrorException))
#11 [internal function]: Illuminate\Foundation\Bootstrap\HandleExceptions->handleException(Object(ErrorException))
#12 {main}
  thrown in /home2/kenyaham/public_html/trade-connect/vendor/laravel/framework/src/Illuminate/Container/Container.php on line 853
[15-Dec-2022 20:30:00 Africa/Nairobi] PHP Fatal error:  Uncaught ErrorException: Method ReflectionParameter::getClass() is deprecated in /home2/kenyaham/public_html/trade-connect/vendor/laravel/framework/src/Illuminate/Container/Container.php:853
Stack trace:
#0 /home2/kenyaham/public_html/trade-connect/vendor/laravel/framework/src/Illuminate/Container/Container.php(853): Illuminate\Foundation\Bootstrap\HandleExceptions->handleError(8192, 'Method Reflecti...', '/home2/kenyaham...', 853)
#1 /home2/kenyaham/public_html/trade-connect/vendor/laravel/framework/src/Illuminate/Container/Container.php(816): Illuminate\Container\Container->resolveDependencies(Array)
#2 /home2/kenyaham/public_html/trade-connect/vendor/laravel/framework/src/Illuminate/Container/Container.php(667): Illuminate\Container\Container->build('App\\Exceptions\\...')
#3 /home2/kenyaham/public_html/trade-connect/vendor/laravel/framework/src/Illuminate/Container/Container.php(265): Illuminate\Container\Container->resolve('App\\Exceptions\\...', Array, false)
#4 /home2/kenyaham/public_html/trade-connect/vendor/laravel/framework/src/Illuminate/Container/Container.php(785): Illuminate\Container\Container->Illuminate\Container\{closure}(Object(Illuminate\Foundation\Application), Array)
#5 /home2/kenyaham/public_html/trade-connect/vendor/laravel/framework/src/Illuminate/Container/Container.php(667): Illuminate\Container\Container->build(Object(Closure))
#6 /home2/kenyaham/public_html/trade-connect/vendor/laravel/framework/src/Illuminate/Container/Container.php(615): Illuminate\Container\Container->resolve('Illuminate\\Cont...', Array)
#7 /home2/kenyaham/public_html/trade-connect/vendor/laravel/framework/src/Illuminate/Foundation/Application.php(767): Illuminate\Container\Container->make('Illuminate\\Cont...', Array)
#8 /home2/kenyaham/public_html/trade-connect/vendor/laravel/framework/src/Illuminate/Foundation/Bootstrap/HandleExceptions.php(170): Illuminate\Foundation\Application->make('Illuminate\\Cont...')
#9 /home2/kenyaham/public_html/trade-connect/vendor/laravel/framework/src/Illuminate/Foundation/Bootstrap/HandleExceptions.php(123): Illuminate\Foundation\Bootstrap\HandleExceptions->getExceptionHandler()
#10 /home2/kenyaham/public_html/trade-connect/vendor/laravel/framework/src/Illuminate/Foundation/Bootstrap/HandleExceptions.php(100): Illuminate\Foundation\Bootstrap\HandleExceptions->renderHttpResponse(Object(ErrorException))
#11 [internal function]: Illuminate\Foundation\Bootstrap\HandleExceptions->handleException(Object(ErrorException))
#12 {main}
  thrown in /home2/kenyaham/public_html/trade-connect/vendor/laravel/framework/src/Illuminate/Container/Container.php on line 853
[09-Apr-2023 15:21:08 Africa/Nairobi] PHP Parse error:  syntax error, unexpected ':', expecting '{' in /home/wdatzrkn/public_html/tiba/vendor/symfony/polyfill-php80/bootstrap.php on line 23
[09-Apr-2023 15:21:17 Africa/Nairobi] PHP Parse error:  syntax error, unexpected ':', expecting '{' in /home/wdatzrkn/public_html/tiba/vendor/symfony/polyfill-php80/bootstrap.php on line 23
[09-Apr-2023 15:22:21 Africa/Nairobi] PHP Parse error:  syntax error, unexpected ':', expecting '{' in /home/wdatzrkn/public_html/tiba/vendor/symfony/polyfill-php80/bootstrap.php on line 23
[09-Apr-2023 15:22:23 Africa/Nairobi] PHP Parse error:  syntax error, unexpected ':', expecting '{' in /home/wdatzrkn/public_html/tiba/vendor/symfony/polyfill-php80/bootstrap.php on line 23
[09-Apr-2023 15:22:30 Africa/Nairobi] PHP Parse error:  syntax error, unexpected ':', expecting '{' in /home/wdatzrkn/public_html/tiba/vendor/symfony/polyfill-php80/bootstrap.php on line 23
[09-Apr-2023 20:59:35 Africa/Nairobi] PHP Parse error:  syntax error, unexpected ':', expecting '{' in /home/wdatzrkn/public_html/tiba/vendor/symfony/polyfill-php80/bootstrap.php on line 23
[09-Apr-2023 21:00:28 Africa/Nairobi] PHP Parse error:  syntax error, unexpected ':', expecting '{' in /home/wdatzrkn/public_html/tiba/vendor/symfony/polyfill-php80/bootstrap.php on line 23
[09-Apr-2023 21:00:29 Africa/Nairobi] PHP Parse error:  syntax error, unexpected ':', expecting '{' in /home/wdatzrkn/public_html/tiba/vendor/symfony/polyfill-php80/bootstrap.php on line 23
[09-Apr-2023 21:00:32 Africa/Nairobi] PHP Parse error:  syntax error, unexpected ':', expecting '{' in /home/wdatzrkn/public_html/tiba/vendor/symfony/polyfill-php80/bootstrap.php on line 23
[09-Apr-2023 21:10:28 Africa/Nairobi] PHP Parse error:  syntax error, unexpected '?', expecting variable (T_VARIABLE) in /home/wdatzrkn/public_html/tiba/vendor/symfony/polyfill-php80/bootstrap.php on line 29
[09-Apr-2023 21:10:30 Africa/Nairobi] PHP Parse error:  syntax error, unexpected '?', expecting variable (T_VARIABLE) in /home/wdatzrkn/public_html/tiba/vendor/symfony/polyfill-php80/bootstrap.php on line 29
[09-Apr-2023 21:10:31 Africa/Nairobi] PHP Parse error:  syntax error, unexpected '?', expecting variable (T_VARIABLE) in /home/wdatzrkn/public_html/tiba/vendor/symfony/polyfill-php80/bootstrap.php on line 29
[09-Apr-2023 21:12:48 Africa/Nairobi] PHP Parse error:  syntax error, unexpected '?', expecting variable (T_VARIABLE) in /home/wdatzrkn/public_html/tiba/vendor/symfony/polyfill-php80/bootstrap.php on line 29
[09-Apr-2023 21:13:24 Africa/Nairobi] PHP Parse error:  syntax error, unexpected '?', expecting variable (T_VARIABLE) in /home/wdatzrkn/public_html/tiba/vendor/symfony/polyfill-php80/bootstrap.php on line 29
[09-Apr-2023 21:13:26 Africa/Nairobi] PHP Parse error:  syntax error, unexpected '?', expecting variable (T_VARIABLE) in /home/wdatzrkn/public_html/tiba/vendor/symfony/polyfill-php80/bootstrap.php on line 29
[09-Apr-2023 21:13:51 Africa/Nairobi] PHP Parse error:  syntax error, unexpected '?', expecting variable (T_VARIABLE) in /home/wdatzrkn/public_html/tiba/vendor/symfony/polyfill-php80/bootstrap.php on line 29
[09-Apr-2023 21:13:52 Africa/Nairobi] PHP Parse error:  syntax error, unexpected '?', expecting variable (T_VARIABLE) in /home/wdatzrkn/public_html/tiba/vendor/symfony/polyfill-php80/bootstrap.php on line 29
[09-Apr-2023 21:14:04 Africa/Nairobi] PHP Parse error:  syntax error, unexpected '?', expecting variable (T_VARIABLE) in /home/wdatzrkn/public_html/tiba/vendor/symfony/polyfill-php80/bootstrap.php on line 29
[09-Apr-2023 21:14:06 Africa/Nairobi] PHP Parse error:  syntax error, unexpected '?', expecting variable (T_VARIABLE) in /home/wdatzrkn/public_html/tiba/vendor/symfony/polyfill-php80/bootstrap.php on line 29
[09-Apr-2023 21:14:07 Africa/Nairobi] PHP Parse error:  syntax error, unexpected '?', expecting variable (T_VARIABLE) in /home/wdatzrkn/public_html/tiba/vendor/symfony/polyfill-php80/bootstrap.php on line 29
[09-Apr-2023 21:14:15 Africa/Nairobi] PHP Parse error:  syntax error, unexpected '?', expecting variable (T_VARIABLE) in /home/wdatzrkn/public_html/tiba/vendor/symfony/polyfill-php80/bootstrap.php on line 29
[09-Apr-2023 21:14:15 Africa/Nairobi] PHP Parse error:  syntax error, unexpected '?', expecting variable (T_VARIABLE) in /home/wdatzrkn/public_html/tiba/vendor/symfony/polyfill-php80/bootstrap.php on line 29
[09-Apr-2023 21:14:15 Africa/Nairobi] PHP Parse error:  syntax error, unexpected '?', expecting variable (T_VARIABLE) in /home/wdatzrkn/public_html/tiba/vendor/symfony/polyfill-php80/bootstrap.php on line 29
[09-Apr-2023 21:14:15 Africa/Nairobi] PHP Parse error:  syntax error, unexpected '?', expecting variable (T_VARIABLE) in /home/wdatzrkn/public_html/tiba/vendor/symfony/polyfill-php80/bootstrap.php on line 29
[09-Apr-2023 21:14:15 Africa/Nairobi] PHP Parse error:  syntax error, unexpected '?', expecting variable (T_VARIABLE) in /home/wdatzrkn/public_html/tiba/vendor/symfony/polyfill-php80/bootstrap.php on line 29
[09-Apr-2023 21:14:15 Africa/Nairobi] PHP Parse error:  syntax error, unexpected '?', expecting variable (T_VARIABLE) in /home/wdatzrkn/public_html/tiba/vendor/symfony/polyfill-php80/bootstrap.php on line 29
[09-Apr-2023 21:14:15 Africa/Nairobi] PHP Parse error:  syntax error, unexpected '?', expecting variable (T_VARIABLE) in /home/wdatzrkn/public_html/tiba/vendor/symfony/polyfill-php80/bootstrap.php on line 29
[09-Apr-2023 21:14:17 Africa/Nairobi] PHP Parse error:  syntax error, unexpected '?', expecting variable (T_VARIABLE) in /home/wdatzrkn/public_html/tiba/vendor/symfony/polyfill-php80/bootstrap.php on line 29
[09-Apr-2023 21:14:40 Africa/Nairobi] PHP Parse error:  syntax error, unexpected '?', expecting variable (T_VARIABLE) in /home/wdatzrkn/public_html/tiba/vendor/symfony/polyfill-php80/bootstrap.php on line 29
[09-Apr-2023 21:15:07 Africa/Nairobi] PHP Parse error:  syntax error, unexpected '?', expecting variable (T_VARIABLE) in /home/wdatzrkn/public_html/tiba/vendor/symfony/polyfill-php80/bootstrap.php on line 29
[09-Apr-2023 21:15:09 Africa/Nairobi] PHP Parse error:  syntax error, unexpected '?', expecting variable (T_VARIABLE) in /home/wdatzrkn/public_html/tiba/vendor/symfony/polyfill-php80/bootstrap.php on line 29
[09-Apr-2023 21:15:24 Africa/Nairobi] PHP Parse error:  syntax error, unexpected '?', expecting variable (T_VARIABLE) in /home/wdatzrkn/public_html/tiba/vendor/symfony/polyfill-php80/bootstrap.php on line 29
[09-Apr-2023 21:15:32 Africa/Nairobi] PHP Parse error:  syntax error, unexpected '?', expecting variable (T_VARIABLE) in /home/wdatzrkn/public_html/tiba/vendor/symfony/polyfill-php80/bootstrap.php on line 29
[09-Apr-2023 21:15:49 Africa/Nairobi] PHP Parse error:  syntax error, unexpected '?', expecting variable (T_VARIABLE) in /home/wdatzrkn/public_html/tiba/vendor/symfony/polyfill-php80/bootstrap.php on line 29
[09-Apr-2023 21:15:59 Africa/Nairobi] PHP Parse error:  syntax error, unexpected '?', expecting variable (T_VARIABLE) in /home/wdatzrkn/public_html/tiba/vendor/symfony/polyfill-php80/bootstrap.php on line 29
[09-Apr-2023 21:16:04 Africa/Nairobi] PHP Parse error:  syntax error, unexpected '?', expecting variable (T_VARIABLE) in /home/wdatzrkn/public_html/tiba/vendor/symfony/polyfill-php80/bootstrap.php on line 29
[09-Apr-2023 21:16:09 Africa/Nairobi] PHP Parse error:  syntax error, unexpected '?', expecting variable (T_VARIABLE) in /home/wdatzrkn/public_html/tiba/vendor/symfony/polyfill-php80/bootstrap.php on line 29
[09-Apr-2023 22:40:35 Africa/Nairobi] PHP Parse error:  syntax error, unexpected '?', expecting variable (T_VARIABLE) in /home/wdatzrkn/public_html/tiba/vendor/symfony/polyfill-php80/bootstrap.php on line 29
[09-Apr-2023 22:40:37 Africa/Nairobi] PHP Parse error:  syntax error, unexpected '?', expecting variable (T_VARIABLE) in /home/wdatzrkn/public_html/tiba/vendor/symfony/polyfill-php80/bootstrap.php on line 29
[09-Apr-2023 22:45:52 Africa/Nairobi] PHP Fatal error:  Declaration of Illuminate\Container\Container::get($id) must be compatible with Psr\Container\ContainerInterface::get(string $id) in /home/wdatzrkn/public_html/tiba/vendor/laravel/framework/src/Illuminate/Container/Container.php on line 15
[17-Jun-2023 11:29:00 Africa/Nairobi] PHP Fatal error:  Uncaught ErrorException: Method ReflectionParameter::getClass() is deprecated in /home/wdatzrkn/public_html/tiba/vendor/laravel/framework/src/Illuminate/Container/Container.php:853
Stack trace:
#0 /home/wdatzrkn/public_html/tiba/vendor/laravel/framework/src/Illuminate/Container/Container.php(853): Illuminate\Foundation\Bootstrap\HandleExceptions->handleError()
#1 /home/wdatzrkn/public_html/tiba/vendor/laravel/framework/src/Illuminate/Container/Container.php(816): Illuminate\Container\Container->resolveDependencies()
#2 /home/wdatzrkn/public_html/tiba/vendor/laravel/framework/src/Illuminate/Container/Container.php(667): Illuminate\Container\Container->build()
#3 /home/wdatzrkn/public_html/tiba/vendor/laravel/framework/src/Illuminate/Container/Container.php(265): Illuminate\Container\Container->resolve()
#4 /home/wdatzrkn/public_html/tiba/vendor/laravel/framework/src/Illuminate/Container/Container.php(785): Illuminate\Container\Container->Illuminate\Container\{closure}()
#5 /home/wdatzrkn/public_html/tiba/vendor/laravel/framework/src/Illuminate/Container/Container.php(667): Illuminate\Container\Container->build()
#6 /home/wdatzrkn/public_html/tiba/vendor/laravel/framework/src/Illuminate/Container/Container.php(615): Illuminate\Container\Container->resolve()
#7 /home/wdatzrkn/public_html/tiba/vendor/laravel/framework/src/Illuminate/Foundation/Application.php(767): Illuminate\Container\Container->make()
#8 /home/wdatzrkn/public_html/tiba/vendor/laravel/framework/src/Illuminate/Foundation/Bootstrap/HandleExceptions.php(170): Illuminate\Foundation\Application->make()
#9 /home/wdatzrkn/public_html/tiba/vendor/laravel/framework/src/Illuminate/Foundation/Bootstrap/HandleExceptions.php(123): Illuminate\Foundation\Bootstrap\HandleExceptions->getExceptionHandler()
#10 /home/wdatzrkn/public_html/tiba/vendor/laravel/framework/src/Illuminate/Foundation/Bootstrap/HandleExceptions.php(100): Illuminate\Foundation\Bootstrap\HandleExceptions->renderHttpResponse()
#11 [internal function]: Illuminate\Foundation\Bootstrap\HandleExceptions->handleException()
#12 {main}
  thrown in /home/wdatzrkn/public_html/tiba/vendor/laravel/framework/src/Illuminate/Container/Container.php on line 853
[17-Jun-2023 11:29:50 Africa/Nairobi] PHP Fatal error:  Uncaught ErrorException: Method ReflectionParameter::getClass() is deprecated in /home/wdatzrkn/public_html/tiba/vendor/laravel/framework/src/Illuminate/Container/Container.php:853
Stack trace:
#0 /home/wdatzrkn/public_html/tiba/vendor/laravel/framework/src/Illuminate/Container/Container.php(853): Illuminate\Foundation\Bootstrap\HandleExceptions->handleError()
#1 /home/wdatzrkn/public_html/tiba/vendor/laravel/framework/src/Illuminate/Container/Container.php(816): Illuminate\Container\Container->resolveDependencies()
#2 /home/wdatzrkn/public_html/tiba/vendor/laravel/framework/src/Illuminate/Container/Container.php(667): Illuminate\Container\Container->build()
#3 /home/wdatzrkn/public_html/tiba/vendor/laravel/framework/src/Illuminate/Container/Container.php(265): Illuminate\Container\Container->resolve()
#4 /home/wdatzrkn/public_html/tiba/vendor/laravel/framework/src/Illuminate/Container/Container.php(785): Illuminate\Container\Container->Illuminate\Container\{closure}()
#5 /home/wdatzrkn/public_html/tiba/vendor/laravel/framework/src/Illuminate/Container/Container.php(667): Illuminate\Container\Container->build()
#6 /home/wdatzrkn/public_html/tiba/vendor/laravel/framework/src/Illuminate/Container/Container.php(615): Illuminate\Container\Container->resolve()
#7 /home/wdatzrkn/public_html/tiba/vendor/laravel/framework/src/Illuminate/Foundation/Application.php(767): Illuminate\Container\Container->make()
#8 /home/wdatzrkn/public_html/tiba/vendor/laravel/framework/src/Illuminate/Foundation/Bootstrap/HandleExceptions.php(170): Illuminate\Foundation\Application->make()
#9 /home/wdatzrkn/public_html/tiba/vendor/laravel/framework/src/Illuminate/Foundation/Bootstrap/HandleExceptions.php(123): Illuminate\Foundation\Bootstrap\HandleExceptions->getExceptionHandler()
#10 /home/wdatzrkn/public_html/tiba/vendor/laravel/framework/src/Illuminate/Foundation/Bootstrap/HandleExceptions.php(100): Illuminate\Foundation\Bootstrap\HandleExceptions->renderHttpResponse()
#11 [internal function]: Illuminate\Foundation\Bootstrap\HandleExceptions->handleException()
#12 {main}
  thrown in /home/wdatzrkn/public_html/tiba/vendor/laravel/framework/src/Illuminate/Container/Container.php on line 853
[17-Jun-2023 11:29:50 Africa/Nairobi] PHP Fatal error:  Uncaught ErrorException: Method ReflectionParameter::getClass() is deprecated in /home/wdatzrkn/public_html/tiba/vendor/laravel/framework/src/Illuminate/Container/Container.php:853
Stack trace:
#0 /home/wdatzrkn/public_html/tiba/vendor/laravel/framework/src/Illuminate/Container/Container.php(853): Illuminate\Foundation\Bootstrap\HandleExceptions->handleError()
#1 /home/wdatzrkn/public_html/tiba/vendor/laravel/framework/src/Illuminate/Container/Container.php(816): Illuminate\Container\Container->resolveDependencies()
#2 /home/wdatzrkn/public_html/tiba/vendor/laravel/framework/src/Illuminate/Container/Container.php(667): Illuminate\Container\Container->build()
#3 /home/wdatzrkn/public_html/tiba/vendor/laravel/framework/src/Illuminate/Container/Container.php(265): Illuminate\Container\Container->resolve()
#4 /home/wdatzrkn/public_html/tiba/vendor/laravel/framework/src/Illuminate/Container/Container.php(785): Illuminate\Container\Container->Illuminate\Container\{closure}()
#5 /home/wdatzrkn/public_html/tiba/vendor/laravel/framework/src/Illuminate/Container/Container.php(667): Illuminate\Container\Container->build()
#6 /home/wdatzrkn/public_html/tiba/vendor/laravel/framework/src/Illuminate/Container/Container.php(615): Illuminate\Container\Container->resolve()
#7 /home/wdatzrkn/public_html/tiba/vendor/laravel/framework/src/Illuminate/Foundation/Application.php(767): Illuminate\Container\Container->make()
#8 /home/wdatzrkn/public_html/tiba/vendor/laravel/framework/src/Illuminate/Foundation/Bootstrap/HandleExceptions.php(170): Illuminate\Foundation\Application->make()
#9 /home/wdatzrkn/public_html/tiba/vendor/laravel/framework/src/Illuminate/Foundation/Bootstrap/HandleExceptions.php(123): Illuminate\Foundation\Bootstrap\HandleExceptions->getExceptionHandler()
#10 /home/wdatzrkn/public_html/tiba/vendor/laravel/framework/src/Illuminate/Foundation/Bootstrap/HandleExceptions.php(100): Illuminate\Foundation\Bootstrap\HandleExceptions->renderHttpResponse()
#11 [internal function]: Illuminate\Foundation\Bootstrap\HandleExceptions->handleException()
#12 {main}
  thrown in /home/wdatzrkn/public_html/tiba/vendor/laravel/framework/src/Illuminate/Container/Container.php on line 853
[17-Jun-2023 11:29:53 Africa/Nairobi] PHP Fatal error:  Uncaught ErrorException: Method ReflectionParameter::getClass() is deprecated in /home/wdatzrkn/public_html/tiba/vendor/laravel/framework/src/Illuminate/Container/Container.php:853
Stack trace:
#0 /home/wdatzrkn/public_html/tiba/vendor/laravel/framework/src/Illuminate/Container/Container.php(853): Illuminate\Foundation\Bootstrap\HandleExceptions->handleError()
#1 /home/wdatzrkn/public_html/tiba/vendor/laravel/framework/src/Illuminate/Container/Container.php(816): Illuminate\Container\Container->resolveDependencies()
#2 /home/wdatzrkn/public_html/tiba/vendor/laravel/framework/src/Illuminate/Container/Container.php(667): Illuminate\Container\Container->build()
#3 /home/wdatzrkn/public_html/tiba/vendor/laravel/framework/src/Illuminate/Container/Container.php(265): Illuminate\Container\Container->resolve()
#4 /home/wdatzrkn/public_html/tiba/vendor/laravel/framework/src/Illuminate/Container/Container.php(785): Illuminate\Container\Container->Illuminate\Container\{closure}()
#5 /home/wdatzrkn/public_html/tiba/vendor/laravel/framework/src/Illuminate/Container/Container.php(667): Illuminate\Container\Container->build()
#6 /home/wdatzrkn/public_html/tiba/vendor/laravel/framework/src/Illuminate/Container/Container.php(615): Illuminate\Container\Container->resolve()
#7 /home/wdatzrkn/public_html/tiba/vendor/laravel/framework/src/Illuminate/Foundation/Application.php(767): Illuminate\Container\Container->make()
#8 /home/wdatzrkn/public_html/tiba/vendor/laravel/framework/src/Illuminate/Foundation/Bootstrap/HandleExceptions.php(170): Illuminate\Foundation\Application->make()
#9 /home/wdatzrkn/public_html/tiba/vendor/laravel/framework/src/Illuminate/Foundation/Bootstrap/HandleExceptions.php(123): Illuminate\Foundation\Bootstrap\HandleExceptions->getExceptionHandler()
#10 /home/wdatzrkn/public_html/tiba/vendor/laravel/framework/src/Illuminate/Foundation/Bootstrap/HandleExceptions.php(100): Illuminate\Foundation\Bootstrap\HandleExceptions->renderHttpResponse()
#11 [internal function]: Illuminate\Foundation\Bootstrap\HandleExceptions->handleException()
#12 {main}
  thrown in /home/wdatzrkn/public_html/tiba/vendor/laravel/framework/src/Illuminate/Container/Container.php on line 853
[13-Sep-2023 19:58:19 Africa/Nairobi] PHP Parse error:  syntax error, unexpected ':', expecting '{' in /home/wdatzrkn/public_html/tiba-prev/vendor/symfony/polyfill-php80/bootstrap.php on line 23
[13-Sep-2023 19:59:09 Africa/Nairobi] PHP Parse error:  syntax error, unexpected ':', expecting '{' in /home/wdatzrkn/public_html/tiba-prev/vendor/symfony/polyfill-php80/bootstrap.php on line 23
[13-Sep-2023 19:59:12 Africa/Nairobi] PHP Parse error:  syntax error, unexpected ':', expecting '{' in /home/wdatzrkn/public_html/tiba-prev/vendor/symfony/polyfill-php80/bootstrap.php on line 23
[13-Sep-2023 19:59:37 Africa/Nairobi] PHP Parse error:  syntax error, unexpected ':', expecting '{' in /home/wdatzrkn/public_html/tiba-prev/vendor/symfony/polyfill-php80/bootstrap.php on line 23
[13-Sep-2023 19:59:38 Africa/Nairobi] PHP Parse error:  syntax error, unexpected ':', expecting '{' in /home/wdatzrkn/public_html/tiba-prev/vendor/symfony/polyfill-php80/bootstrap.php on line 23
[13-Sep-2023 19:59:44 Africa/Nairobi] PHP Parse error:  syntax error, unexpected ':', expecting '{' in /home/wdatzrkn/public_html/tiba-prev/vendor/symfony/polyfill-php80/bootstrap.php on line 23
[14-Sep-2023 10:08:09 Africa/Nairobi] PHP Parse error:  syntax error, unexpected ':', expecting '{' in /home/wdatzrkn/public_html/tiba-prev/vendor/symfony/polyfill-php80/bootstrap.php on line 23
[14-Sep-2023 10:09:09 Africa/Nairobi] PHP Parse error:  syntax error, unexpected ':', expecting '{' in /home/wdatzrkn/public_html/tiba-prev/vendor/symfony/polyfill-php80/bootstrap.php on line 23
[14-Sep-2023 10:10:09 Africa/Nairobi] PHP Parse error:  syntax error, unexpected ':', expecting '{' in /home/wdatzrkn/public_html/tiba-prev/vendor/symfony/polyfill-php80/bootstrap.php on line 23
[14-Sep-2023 10:11:09 Africa/Nairobi] PHP Parse error:  syntax error, unexpected ':', expecting '{' in /home/wdatzrkn/public_html/tiba-prev/vendor/symfony/polyfill-php80/bootstrap.php on line 23
[14-Sep-2023 10:12:09 Africa/Nairobi] PHP Parse error:  syntax error, unexpected ':', expecting '{' in /home/wdatzrkn/public_html/tiba-prev/vendor/symfony/polyfill-php80/bootstrap.php on line 23
[14-Sep-2023 10:13:09 Africa/Nairobi] PHP Parse error:  syntax error, unexpected ':', expecting '{' in /home/wdatzrkn/public_html/tiba-prev/vendor/symfony/polyfill-php80/bootstrap.php on line 23
[14-Sep-2023 10:14:09 Africa/Nairobi] PHP Parse error:  syntax error, unexpected ':', expecting '{' in /home/wdatzrkn/public_html/tiba-prev/vendor/symfony/polyfill-php80/bootstrap.php on line 23
[14-Sep-2023 10:15:09 Africa/Nairobi] PHP Parse error:  syntax error, unexpected ':', expecting '{' in /home/wdatzrkn/public_html/tiba-prev/vendor/symfony/polyfill-php80/bootstrap.php on line 23
[14-Sep-2023 10:16:09 Africa/Nairobi] PHP Parse error:  syntax error, unexpected ':', expecting '{' in /home/wdatzrkn/public_html/tiba-prev/vendor/symfony/polyfill-php80/bootstrap.php on line 23
[14-Sep-2023 10:17:09 Africa/Nairobi] PHP Parse error:  syntax error, unexpected ':', expecting '{' in /home/wdatzrkn/public_html/tiba-prev/vendor/symfony/polyfill-php80/bootstrap.php on line 23
[14-Sep-2023 10:18:09 Africa/Nairobi] PHP Parse error:  syntax error, unexpected ':', expecting '{' in /home/wdatzrkn/public_html/tiba-prev/vendor/symfony/polyfill-php80/bootstrap.php on line 23
[14-Sep-2023 10:19:09 Africa/Nairobi] PHP Parse error:  syntax error, unexpected ':', expecting '{' in /home/wdatzrkn/public_html/tiba-prev/vendor/symfony/polyfill-php80/bootstrap.php on line 23
[14-Sep-2023 10:20:09 Africa/Nairobi] PHP Parse error:  syntax error, unexpected ':', expecting '{' in /home/wdatzrkn/public_html/tiba-prev/vendor/symfony/polyfill-php80/bootstrap.php on line 23
[14-Sep-2023 10:21:09 Africa/Nairobi] PHP Parse error:  syntax error, unexpected ':', expecting '{' in /home/wdatzrkn/public_html/tiba-prev/vendor/symfony/polyfill-php80/bootstrap.php on line 23
[14-Sep-2023 10:22:09 Africa/Nairobi] PHP Parse error:  syntax error, unexpected ':', expecting '{' in /home/wdatzrkn/public_html/tiba-prev/vendor/symfony/polyfill-php80/bootstrap.php on line 23
[14-Sep-2023 10:23:09 Africa/Nairobi] PHP Parse error:  syntax error, unexpected ':', expecting '{' in /home/wdatzrkn/public_html/tiba-prev/vendor/symfony/polyfill-php80/bootstrap.php on line 23
[14-Sep-2023 10:24:09 Africa/Nairobi] PHP Parse error:  syntax error, unexpected ':', expecting '{' in /home/wdatzrkn/public_html/tiba-prev/vendor/symfony/polyfill-php80/bootstrap.php on line 23
[14-Sep-2023 10:25:09 Africa/Nairobi] PHP Parse error:  syntax error, unexpected ':', expecting '{' in /home/wdatzrkn/public_html/tiba-prev/vendor/symfony/polyfill-php80/bootstrap.php on line 23
[14-Sep-2023 10:26:09 Africa/Nairobi] PHP Parse error:  syntax error, unexpected ':', expecting '{' in /home/wdatzrkn/public_html/tiba-prev/vendor/symfony/polyfill-php80/bootstrap.php on line 23
[14-Sep-2023 10:27:09 Africa/Nairobi] PHP Parse error:  syntax error, unexpected ':', expecting '{' in /home/wdatzrkn/public_html/tiba-prev/vendor/symfony/polyfill-php80/bootstrap.php on line 23
[14-Sep-2023 10:28:09 Africa/Nairobi] PHP Parse error:  syntax error, unexpected ':', expecting '{' in /home/wdatzrkn/public_html/tiba-prev/vendor/symfony/polyfill-php80/bootstrap.php on line 23
[14-Sep-2023 10:29:10 Africa/Nairobi] PHP Parse error:  syntax error, unexpected ':', expecting '{' in /home/wdatzrkn/public_html/tiba-prev/vendor/symfony/polyfill-php80/bootstrap.php on line 23
[14-Sep-2023 10:30:10 Africa/Nairobi] PHP Parse error:  syntax error, unexpected ':', expecting '{' in /home/wdatzrkn/public_html/tiba-prev/vendor/symfony/polyfill-php80/bootstrap.php on line 23
[14-Sep-2023 10:31:14 Africa/Nairobi] PHP Parse error:  syntax error, unexpected ':', expecting '{' in /home/wdatzrkn/public_html/tiba-prev/vendor/symfony/polyfill-php80/bootstrap.php on line 23
[14-Sep-2023 10:32:09 Africa/Nairobi] PHP Parse error:  syntax error, unexpected ':', expecting '{' in /home/wdatzrkn/public_html/tiba-prev/vendor/symfony/polyfill-php80/bootstrap.php on line 23
[14-Sep-2023 10:33:09 Africa/Nairobi] PHP Parse error:  syntax error, unexpected ':', expecting '{' in /home/wdatzrkn/public_html/tiba-prev/vendor/symfony/polyfill-php80/bootstrap.php on line 23
[14-Sep-2023 10:34:09 Africa/Nairobi] PHP Parse error:  syntax error, unexpected ':', expecting '{' in /home/wdatzrkn/public_html/tiba-prev/vendor/symfony/polyfill-php80/bootstrap.php on line 23
[14-Sep-2023 10:35:09 Africa/Nairobi] PHP Parse error:  syntax error, unexpected ':', expecting '{' in /home/wdatzrkn/public_html/tiba-prev/vendor/symfony/polyfill-php80/bootstrap.php on line 23
[14-Sep-2023 10:36:19 Africa/Nairobi] PHP Parse error:  syntax error, unexpected ':', expecting '{' in /home/wdatzrkn/public_html/tiba-prev/vendor/symfony/polyfill-php80/bootstrap.php on line 23
[14-Sep-2023 10:37:09 Africa/Nairobi] PHP Parse error:  syntax error, unexpected ':', expecting '{' in /home/wdatzrkn/public_html/tiba-prev/vendor/symfony/polyfill-php80/bootstrap.php on line 23
[14-Sep-2023 10:37:33 Africa/Nairobi] PHP Parse error:  syntax error, unexpected ':', expecting '{' in /home/wdatzrkn/public_html/tiba-prev/vendor/symfony/polyfill-php80/bootstrap.php on line 23
[14-Sep-2023 10:37:42 Africa/Nairobi] PHP Parse error:  syntax error, unexpected ':', expecting '{' in /home/wdatzrkn/public_html/tiba-prev/vendor/symfony/polyfill-php80/bootstrap.php on line 23
[14-Sep-2023 10:37:58 Africa/Nairobi] PHP Parse error:  syntax error, unexpected ':', expecting '{' in /home/wdatzrkn/public_html/tiba-prev/vendor/symfony/polyfill-php80/bootstrap.php on line 23
